#
# A fatal error has been detected by the Java Runtime Environment:
#
#  SIGSEGV (0xb) at pc=0x00007fc468a21eba, pid=10744, tid=0x00007fc458ab1700
#
# JRE version: Java(TM) SE Runtime Environment (8.0_201-b09) (build 1.8.0_201-b09)
# Java VM: Java HotSpot(TM) 64-Bit Server VM (25.201-b09 mixed mode linux-amd64 compressed oops)
# Problematic frame:
# v  ~BufferBlob::jni_fast_GetLongField
#
# Failed to write core dump. Core dumps have been disabled. To enable core dumping, try "ulimit -c unlimited" before starting Java again
#
# If you would like to submit a bug report, please visit:
#   http://bugreport.java.com/bugreport/crash.jsp
# The crash happened outside the Java Virtual Machine in native code.
# See problematic frame for where to report the bug.
#

---------------  T H R E A D  ---------------

Current thread (0x00007fc4783f2800):  JavaThread "AWT-XAWT" daemon [_thread_in_native, id=10767, stack(0x00007fc4589b1000,0x00007fc458ab2000)]

siginfo: si_signo: 11 (SIGSEGV), si_code: 1 (SEGV_MAPERR), si_addr: 0x0000000000000000

Registers:
RAX=0x00007fc47def9400, RBX=0x00007fc4783f29f8, RCX=0x0000000000000001, RDX=0x0000000000000042
RSP=0x00007fc458ab0818, RBP=0x00007fc458ab0840, RSI=0x0000000000000000, RDI=0x00007fc4783f29f8
R8 =0x00007fc45a4ffab0, R9 =0x0000000000000000, R10=0x0000000000000028, R11=0x00007fc468ca1018
R12=0x0000000000000000, R13=0x0000000000000000, R14=0x00007fc45ac43b00, R15=0x00007fc4783f2800
RIP=0x00007fc468a21eba, EFLAGS=0x0000000000010246, CSGSFS=0x002b000000000033, ERR=0x0000000000000004
  TRAPNO=0x000000000000000e

Top of Stack: (sp=0x00007fc458ab0818)
0x00007fc458ab0818:   00007fc45aa21f24 00007fc461f5d690
0x00007fc458ab0828:   0000000000000000 00007fc458ab08f0
0x00007fc458ab0838:   00007fc458ab08c0 00007fc41407f6a0
0x00007fc458ab0848:   00007fc45a507c4d 00007fc461f5d690
0x00007fc458ab0858:   00007fc458ab0880 0000000000000000
0x00007fc458ab0868:   00007fc45a4ffad3 00007fc458ab08f0
0x00007fc458ab0878:   00007fc45aa1a2af 00007fc458ab08d0
0x00007fc458ab0888:   00007fc468ca10b6 0000000000000000
0x00007fc458ab0898:   00007fc468c65c36 00007fc458ab08f0
0x00007fc458ab08a8:   00007fc468b585ec 00007fc458ab0950
0x00007fc458ab08b8:   00000000ec810cc8 00000000ec7dac10
0x00007fc458ab08c8:   0000000000000001 00007fc458ab0950
0x00007fc458ab08d8:   00007fc4689bfa90 00007fc458ab0950
0x00007fc458ab08e8:   00007fc4689bfa90 0000000000000000
0x00007fc458ab08f8:   00007fc4689bfdd0 00007fc41c001090
0x00007fc458ab0908:   00000000ec840a10 00007fc458ab0910
0x00007fc458ab0918:   00007fc459023ccc 00007fc458ab0998
0x00007fc458ab0928:   00007fc45902cc48 0000000000000000
0x00007fc458ab0938:   00007fc459023e08 00007fc458ab08f0
0x00007fc458ab0948:   00007fc458ab0990 00007fc458ab09e0
0x00007fc458ab0958:   00007fc4689c02bd 0000000000000000
0x00007fc458ab0968:   00000000ec9a3550 0000000000000000
0x00007fc458ab0978:   0000000000000000 0000000000000000
0x00007fc458ab0988:   00000000ec840a10 0000000000000000
0x00007fc458ab0998:   00000000ec811868 00007fc458ab09a0
0x00007fc458ab09a8:   00007fc459023b0d 00007fc458ab09f0
0x00007fc458ab09b8:   00007fc45902cc48 0000000000000000
0x00007fc458ab09c8:   00007fc459023b18 00007fc458ab0990
0x00007fc458ab09d8:   00007fc458ab09f0 00007fc458ab0a38
0x00007fc458ab09e8:   00007fc4689c0302 00000000ec811868
0x00007fc458ab09f8:   00007fc458ab09f8 00007fc46181b6cb
0x00007fc458ab0a08:   00007fc458ab0a48 00007fc4618a33e8 

Instructions: (pc=0x00007fc468a21eba)
0x00007fc468a21e9a:   00 00 00 00 00 00 44 8b 15 95 70 51 15 4c 8b ce
0x00007fc468a21eaa:   41 f6 c2 01 0f 85 2e 00 00 00 4d 33 ca 4d 33 ca
0x00007fc468a21eba:   4d 8b 09 4c 8b da 49 c1 eb 02 4b 8b 04 19 49 bb
0x00007fc468a21eca:   3c 8f f3 7d c4 7f 00 00 4c 33 d8 4c 33 d8 45 3b 

Register to memory mapping:

RAX=0x00007fc47def9400: <offset 0xf8d400> in /usr/lib/jvm/java-8-oracle/jre/lib/amd64/server/libjvm.so at 0x00007fc47cf6c000
RBX=0x00007fc4783f29f8 is an unknown value
RCX=0x0000000000000001 is an unknown value
RDX=0x0000000000000042 is an unknown value
RSP=0x00007fc458ab0818 is pointing into the stack for thread: 0x00007fc4783f2800
RBP=0x00007fc458ab0840 is pointing into the stack for thread: 0x00007fc4783f2800
RSI=0x0000000000000000 is an unknown value
RDI=0x00007fc4783f29f8 is an unknown value
R8 =0x00007fc45a4ffab0: <offset 0x5cab0> in /usr/lib/x86_64-linux-gnu/libX11.so.6 at 0x00007fc45a4a3000
R9 =0x0000000000000000 is an unknown value
R10=0x0000000000000028 is an unknown value
R11=0x00007fc468ca1018 is at entry_point+24 in (nmethod*)0x00007fc468ca0e90
R12=0x0000000000000000 is an unknown value
R13=0x0000000000000000 is an unknown value
R14=0x00007fc45ac43b00: <offset 0x256b00> in /usr/lib/jvm/java-8-oracle/jre/lib/amd64/libawt_xawt.so at 0x00007fc45a9ed000
R15=0x00007fc4783f2800 is a thread


Stack: [0x00007fc4589b1000,0x00007fc458ab2000],  sp=0x00007fc458ab0818,  free space=1022k
Native frames: (J=compiled Java code, j=interpreted, Vv=VM code, C=native code)
v  ~BufferBlob::jni_fast_GetLongField
C  [libX11.so.6+0x64c4d]  _XimServerDestroy+0x3d

Java frames: (J=compiled Java code, j=interpreted, Vv=VM code)
J 864  sun.awt.X11.XlibWrapper.XFilterEvent(JJ)Z (0 bytes) @ 0x00007fc468ca1044 [0x00007fc468ca1000+0x44]
j  sun.awt.X11.XToolkit.run(Z)V+300
j  sun.awt.X11.XToolkit.run()V+5
j  java.lang.Thread.run()V+11
v  ~StubRoutines::call_stub

---------------  P R O C E S S  ---------------

Java Threads: ( => current thread )
  0x00007fc408001000 JavaThread "XToolkt-Shutdown-Thread" [_thread_in_Java, id=14312, stack(0x00007fc41b456000,0x00007fc41b557000)]
  0x00007fc43c003000 JavaThread "SIGTERM handler" daemon [_thread_blocked, id=14311, stack(0x00007fc41b557000,0x00007fc41b658000)]
  0x00007fc43c001000 JavaThread "SIGTERM handler" daemon [_thread_blocked, id=14306, stack(0x00007fc41b658000,0x00007fc41b759000)]
  0x00007fc414085000 JavaThread "TimerQueue" daemon [_thread_blocked, id=10771, stack(0x00007fc4580ab000,0x00007fc4581ac000)]
  0x00007fc47800b800 JavaThread "DestroyJavaVM" [_thread_blocked, id=10750, stack(0x00007fc47ea8d000,0x00007fc47eb8d000)]
  0x00007fc47843d000 JavaThread "AWT-EventQueue-0" [_thread_blocked, id=10769, stack(0x00007fc4585af000,0x00007fc4586b0000)]
  0x00007fc47843b800 JavaThread "AWT-Shutdown" [_thread_blocked, id=10768, stack(0x00007fc4586b0000,0x00007fc4587b1000)]
=>0x00007fc4783f2800 JavaThread "AWT-XAWT" daemon [_thread_in_native, id=10767, stack(0x00007fc4589b1000,0x00007fc458ab2000)]
  0x00007fc4783d5800 JavaThread "Java2D Disposer" daemon [_thread_blocked, id=10766, stack(0x00007fc458ec2000,0x00007fc458fc3000)]
  0x00007fc478146000 JavaThread "Abandoned connection cleanup thread" daemon [_thread_blocked, id=10764, stack(0x00007fc45b12c000,0x00007fc45b22d000)]
  0x00007fc4780c9800 JavaThread "Service Thread" daemon [_thread_blocked, id=10762, stack(0x00007fc45b32e000,0x00007fc45b42f000)]
  0x00007fc4780be800 JavaThread "C1 CompilerThread2" daemon [_thread_blocked, id=10761, stack(0x00007fc45b430000,0x00007fc45b530000)]
  0x00007fc4780bc800 JavaThread "C2 CompilerThread1" daemon [_thread_blocked, id=10760, stack(0x00007fc45b531000,0x00007fc45b631000)]
  0x00007fc4780ba000 JavaThread "C2 CompilerThread0" daemon [_thread_blocked, id=10759, stack(0x00007fc4600f9000,0x00007fc4601f9000)]
  0x00007fc4780b8800 JavaThread "Signal Dispatcher" daemon [_thread_blocked, id=10758, stack(0x00007fc4601f9000,0x00007fc4602fa000)]
  0x00007fc478085800 JavaThread "Finalizer" daemon [_thread_blocked, id=10757, stack(0x00007fc4602fa000,0x00007fc4603fb000)]
  0x00007fc478083000 JavaThread "Reference Handler" daemon [_thread_blocked, id=10756, stack(0x00007fc4603fb000,0x00007fc4604fc000)]

Other Threads:
  0x00007fc478079800 VMThread [stack: 0x00007fc4604fd000,0x00007fc4605fd000] [id=10755]
  0x00007fc4780cc800 WatcherThread [stack: 0x00007fc45b22e000,0x00007fc45b32e000] [id=10763]

VM state:not at safepoint (normal execution)

VM Mutex/Monitor currently owned by a thread: None

heap address: 0x00000000c3a00000, size: 966 MB, Compressed Oops mode: 32-bit
Narrow klass base: 0x0000000000000000, Narrow klass shift: 3
Compressed class space size: 1073741824 Address: 0x0000000100000000

Heap:
 PSYoungGen      total 18432K, used 15872K [0x00000000ebe00000, 0x00000000ed280000, 0x0000000100000000)
  eden space 15872K, 100% used [0x00000000ebe00000,0x00000000ecd80000,0x00000000ecd80000)
  from space 2560K, 0% used [0x00000000ed000000,0x00000000ed000000,0x00000000ed280000)
  to   space 2560K, 0% used [0x00000000ecd80000,0x00000000ecd80000,0x00000000ed000000)
 ParOldGen       total 42496K, used 0K [0x00000000c3a00000, 0x00000000c6380000, 0x00000000ebe00000)
  object space 42496K, 0% used [0x00000000c3a00000,0x00000000c3a00000,0x00000000c6380000)
 Metaspace       used 15295K, capacity 15456K, committed 15744K, reserved 1062912K
  class space    used 1802K, capacity 1869K, committed 1920K, reserved 1048576K

Card table byte_map: [0x00007fc468414000,0x00007fc4685f8000] byte_map_base: 0x00007fc467df7000

Marking Bits: (ParMarkBitMap*) 0x00007fc47df37d80
 Begin Bits: [0x00007fc4621d0000, 0x00007fc4630e8000)
 End Bits:   [0x00007fc4630e8000, 0x00007fc464000000)

Polling page: 0x00007fc47eba7000

CodeCache: size=245760Kb used=3221Kb max_used=3232Kb free=242538Kb
 bounds [0x00007fc4689b8000, 0x00007fc468ce8000, 0x00007fc4779b8000]
 total_blobs=1496 nmethods=898 adapters=512
 compilation: enabled

Compilation events (10 events):
Event: 1922.491 Thread 0x00007fc4780bc800  894   !   4       sun.awt.X11.XToolkit::callTimeoutTasks (220 bytes)
Event: 1922.493 Thread 0x00007fc4780bc800 nmethod 894 0x00007fc468ce0010 code [0x00007fc468ce0180, 0x00007fc468ce02d8]
Event: 2230.450 Thread 0x00007fc4780ba000  895   !   4       sun.awt.X11.XToolkit::getNextTaskTime (55 bytes)
Event: 2230.458 Thread 0x00007fc4780ba000 nmethod 895 0x00007fc468cde2d0 code [0x00007fc468cde460, 0x00007fc468cde710]
Event: 2625.259 Thread 0x00007fc4780bc800  896       4       sun.misc.URLClassPath$JarLoader::findResource (18 bytes)
Event: 2625.278 Thread 0x00007fc4780bc800 nmethod 896 0x00007fc468cdd590 code [0x00007fc468cdd740, 0x00007fc468cddc70]
Event: 2770.267 Thread 0x00007fc4780bc800  897       4       java.lang.String::substring (79 bytes)
Event: 2770.273 Thread 0x00007fc4780bc800 nmethod 897 0x00007fc468ce17d0 code [0x00007fc468ce1940, 0x00007fc468ce1d58]
Event: 6919.432 Thread 0x00007fc4780ba000  898       4       java.lang.Long::valueOf (36 bytes)
Event: 6926.156 Thread 0x00007fc4780ba000 nmethod 898 0x00007fc468cd92d0 code [0x00007fc468cd9420, 0x00007fc468cd9558]

GC Heap History (0 events):
No events

Deoptimization events (8 events):
Event: 0.354 Thread 0x00007fc47800b800 Uncommon trap: reason=unstable_if action=reinterpret pc=0x00007fc468b02b70 method=java.util.Properties.loadConvert([CII[C)Ljava/lang/String; @ 4
Event: 0.355 Thread 0x00007fc47800b800 Uncommon trap: reason=unstable_if action=reinterpret pc=0x00007fc468b071ac method=java.util.Properties$LineReader.readLine()I @ 174
Event: 0.703 Thread 0x00007fc47800b800 Uncommon trap: reason=unstable_if action=reinterpret pc=0x00007fc468bc7bdc method=java.lang.String.replace(CC)Ljava/lang/String; @ 26
Event: 0.924 Thread 0x00007fc47843d000 Uncommon trap: reason=class_check action=maybe_recompile pc=0x00007fc468b733e4 method=java.util.Properties$LineReader.readLine()I @ 410
Event: 0.928 Thread 0x00007fc47843d000 Uncommon trap: reason=class_check action=maybe_recompile pc=0x00007fc468b733e4 method=java.util.Properties$LineReader.readLine()I @ 410
Event: 0.931 Thread 0x00007fc47843d000 Uncommon trap: reason=class_check action=maybe_recompile pc=0x00007fc468b733e4 method=java.util.Properties$LineReader.readLine()I @ 410
Event: 0.938 Thread 0x00007fc47843d000 Uncommon trap: reason=class_check action=maybe_recompile pc=0x00007fc468b733e4 method=java.util.Properties$LineReader.readLine()I @ 410
Event: 5.106 Thread 0x00007fc478146000 Uncommon trap: reason=unstable_if action=reinterpret pc=0x00007fc468b7d694 method=java.lang.String.indexOf([CII[CIII)I @ 3

Classes redefined (0 events):
No events

Internal exceptions (10 events):
Event: 0.029 Thread 0x00007fc47800b800 Exception <a 'java/lang/NoSuchMethodError': Method sun.misc.Unsafe.defineClass(Ljava/lang/String;[BII)Ljava/lang/Class; name or signature does not match> (0x00000000ebe07cb0) thrown at [/HUDSON/workspace/8-2-build-linux-amd64/jdk8u201/12317/hotspot/src/sh
Event: 0.029 Thread 0x00007fc47800b800 Exception <a 'java/lang/NoSuchMethodError': Method sun.misc.Unsafe.prefetchRead(Ljava/lang/Object;J)V name or signature does not match> (0x00000000ebe07f98) thrown at [/HUDSON/workspace/8-2-build-linux-amd64/jdk8u201/12317/hotspot/src/share/vm/prims/jni.c
Event: 0.105 Thread 0x00007fc478146000 Exception <a 'java/security/PrivilegedActionException'> (0x00000000ebeff410) thrown at [/HUDSON/workspace/8-2-build-linux-amd64/jdk8u201/12317/hotspot/src/share/vm/prims/jvm.cpp, line 1502]
Event: 0.105 Thread 0x00007fc478146000 Exception <a 'java/security/PrivilegedActionException'> (0x00000000ebeff620) thrown at [/HUDSON/workspace/8-2-build-linux-amd64/jdk8u201/12317/hotspot/src/share/vm/prims/jvm.cpp, line 1502]
Event: 0.105 Thread 0x00007fc478146000 Exception <a 'java/security/PrivilegedActionException'> (0x00000000ebf01a88) thrown at [/HUDSON/workspace/8-2-build-linux-amd64/jdk8u201/12317/hotspot/src/share/vm/prims/jvm.cpp, line 1502]
Event: 0.105 Thread 0x00007fc478146000 Exception <a 'java/security/PrivilegedActionException'> (0x00000000ebf01c98) thrown at [/HUDSON/workspace/8-2-build-linux-amd64/jdk8u201/12317/hotspot/src/share/vm/prims/jvm.cpp, line 1502]
Event: 0.608 Thread 0x00007fc47800b800 Exception <a 'java/lang/NoSuchFieldError': method resolution failed> (0x00000000ec73e270) thrown at [/HUDSON/workspace/8-2-build-linux-amd64/jdk8u201/12317/hotspot/src/share/vm/prims/methodHandles.cpp, line 1167]
Event: 0.612 Thread 0x00007fc47800b800 Exception <a 'java/lang/NoSuchFieldError': method resolution failed> (0x00000000ec74b960) thrown at [/HUDSON/workspace/8-2-build-linux-amd64/jdk8u201/12317/hotspot/src/share/vm/prims/methodHandles.cpp, line 1167]
Event: 0.646 Thread 0x00007fc47800b800 Exception <a 'java/io/FileNotFoundException'> (0x00000000ec7c98d8) thrown at [/HUDSON/workspace/8-2-build-linux-amd64/jdk8u201/12317/hotspot/src/share/vm/prims/jni.cpp, line 709]
Event: 0.647 Thread 0x00007fc47800b800 Exception <a 'java/io/FileNotFoundException'> (0x00000000ec7ca278) thrown at [/HUDSON/workspace/8-2-build-linux-amd64/jdk8u201/12317/hotspot/src/share/vm/prims/jni.cpp, line 709]

Events (10 events):
Event: 11.772 loading class java/util/PriorityQueue done
Event: 11.772 loading class javax/swing/TimerQueue$1
Event: 11.772 loading class javax/swing/TimerQueue$1 done
Event: 11.772 Thread 0x00007fc414085000 Thread added: 0x00007fc414085000
Event: 7009.855 loading class sun/misc/Signal$1
Event: 7016.198 loading class sun/misc/Signal$1 done
Event: 7018.997 Thread 0x00007fc43c001000 Thread added: 0x00007fc43c001000
Event: 7019.388 Thread 0x00007fc43c003000 Thread added: 0x00007fc43c003000
Event: 7020.001 Thread 0x00007fc408001000 Thread added: 0x00007fc408001000
Event: 7020.002 loading class sun/awt/X11/XSystemTrayPeer


Dynamic libraries:
00400000-00401000 r-xp 00000000 08:02 46006672                           /usr/lib/jvm/java-8-oracle/bin/java
00600000-00601000 r--p 00000000 08:02 46006672                           /usr/lib/jvm/java-8-oracle/bin/java
00601000-00602000 rw-p 00001000 08:02 46006672                           /usr/lib/jvm/java-8-oracle/bin/java
020a9000-020ca000 rw-p 00000000 00:00 0                                  [heap]
c3a00000-c6380000 rw-p 00000000 00:00 0 
c6380000-ebe00000 ---p 00000000 00:00 0 
ebe00000-ed280000 rw-p 00000000 00:00 0 
ed280000-100000000 ---p 00000000 00:00 0 
100000000-1001e0000 rw-p 00000000 00:00 0 
1001e0000-140000000 ---p 00000000 00:00 0 
7fc400000000-7fc400021000 rw-p 00000000 00:00 0 
7fc400021000-7fc404000000 ---p 00000000 00:00 0 
7fc408000000-7fc408021000 rw-p 00000000 00:00 0 
7fc408021000-7fc40c000000 ---p 00000000 00:00 0 
7fc40c000000-7fc40c021000 rw-p 00000000 00:00 0 
7fc40c021000-7fc410000000 ---p 00000000 00:00 0 
7fc410000000-7fc410021000 rw-p 00000000 00:00 0 
7fc410021000-7fc414000000 ---p 00000000 00:00 0 
7fc414000000-7fc4142ab000 rw-p 00000000 00:00 0 
7fc4142ab000-7fc418000000 ---p 00000000 00:00 0 
7fc41b456000-7fc41b459000 ---p 00000000 00:00 0 
7fc41b459000-7fc41b557000 rw-p 00000000 00:00 0 
7fc41b557000-7fc41b55a000 ---p 00000000 00:00 0 
7fc41b55a000-7fc41b658000 rw-p 00000000 00:00 0 
7fc41b658000-7fc41b65b000 ---p 00000000 00:00 0 
7fc41b65b000-7fc41b759000 rw-p 00000000 00:00 0 
7fc41b759000-7fc41b7c5000 r-xp 00000000 08:02 50463472                   /usr/lib/jvm/java-8-oracle/jre/lib/amd64/libt2k.so
7fc41b7c5000-7fc41b9c5000 ---p 0006c000 08:02 50463472                   /usr/lib/jvm/java-8-oracle/jre/lib/amd64/libt2k.so
7fc41b9c5000-7fc41b9cb000 r--p 0006c000 08:02 50463472                   /usr/lib/jvm/java-8-oracle/jre/lib/amd64/libt2k.so
7fc41b9cb000-7fc41b9cc000 rw-p 00072000 08:02 50463472                   /usr/lib/jvm/java-8-oracle/jre/lib/amd64/libt2k.so
7fc41b9cc000-7fc41b9dd000 r-xp 00000000 08:02 50463513                   /usr/lib/jvm/java-8-oracle/jre/lib/amd64/libnio.so
7fc41b9dd000-7fc41bbdc000 ---p 00011000 08:02 50463513                   /usr/lib/jvm/java-8-oracle/jre/lib/amd64/libnio.so
7fc41bbdc000-7fc41bbdd000 r--p 00010000 08:02 50463513                   /usr/lib/jvm/java-8-oracle/jre/lib/amd64/libnio.so
7fc41bbdd000-7fc41bbde000 rw-p 00011000 08:02 50463513                   /usr/lib/jvm/java-8-oracle/jre/lib/amd64/libnio.so
7fc41bbde000-7fc41bbf5000 r-xp 00000000 08:02 8131273                    /lib/x86_64-linux-gnu/libresolv-2.27.so
7fc41bbf5000-7fc41bdf5000 ---p 00017000 08:02 8131273                    /lib/x86_64-linux-gnu/libresolv-2.27.so
7fc41bdf5000-7fc41bdf6000 r--p 00017000 08:02 8131273                    /lib/x86_64-linux-gnu/libresolv-2.27.so
7fc41bdf6000-7fc41bdf7000 rw-p 00018000 08:02 8131273                    /lib/x86_64-linux-gnu/libresolv-2.27.so
7fc41bdf7000-7fc41bdf9000 rw-p 00000000 00:00 0 
7fc41bdf9000-7fc41bdfe000 r-xp 00000000 08:02 8131222                    /lib/x86_64-linux-gnu/libnss_dns-2.27.so
7fc41bdfe000-7fc41bffe000 ---p 00005000 08:02 8131222                    /lib/x86_64-linux-gnu/libnss_dns-2.27.so
7fc41bffe000-7fc41bfff000 r--p 00005000 08:02 8131222                    /lib/x86_64-linux-gnu/libnss_dns-2.27.so
7fc41bfff000-7fc41c000000 rw-p 00006000 08:02 8131222                    /lib/x86_64-linux-gnu/libnss_dns-2.27.so
7fc41c000000-7fc41c02d000 rw-p 00000000 00:00 0 
7fc41c02d000-7fc420000000 ---p 00000000 00:00 0 
7fc420000000-7fc420021000 rw-p 00000000 00:00 0 
7fc420021000-7fc424000000 ---p 00000000 00:00 0 
7fc424000000-7fc424021000 rw-p 00000000 00:00 0 
7fc424021000-7fc428000000 ---p 00000000 00:00 0 
7fc428000000-7fc428021000 rw-p 00000000 00:00 0 
7fc428021000-7fc42c000000 ---p 00000000 00:00 0 
7fc42c000000-7fc42c021000 rw-p 00000000 00:00 0 
7fc42c021000-7fc430000000 ---p 00000000 00:00 0 
7fc430000000-7fc430021000 rw-p 00000000 00:00 0 
7fc430021000-7fc434000000 ---p 00000000 00:00 0 
7fc434000000-7fc434196000 rw-p 00000000 00:00 0 
7fc434196000-7fc438000000 ---p 00000000 00:00 0 
7fc438000000-7fc438596000 rw-p 00000000 00:00 0 
7fc438596000-7fc43c000000 ---p 00000000 00:00 0 
7fc43c000000-7fc43c021000 rw-p 00000000 00:00 0 
7fc43c021000-7fc440000000 ---p 00000000 00:00 0 
7fc440000000-7fc44017b000 rw-p 00000000 00:00 0 
7fc44017b000-7fc444000000 ---p 00000000 00:00 0 
7fc444000000-7fc444021000 rw-p 00000000 00:00 0 
7fc444021000-7fc448000000 ---p 00000000 00:00 0 
7fc448000000-7fc448021000 rw-p 00000000 00:00 0 
7fc448021000-7fc44c000000 ---p 00000000 00:00 0 
7fc44c000000-7fc44c021000 rw-p 00000000 00:00 0 
7fc44c021000-7fc450000000 ---p 00000000 00:00 0 
7fc450000000-7fc450021000 rw-p 00000000 00:00 0 
7fc450021000-7fc454000000 ---p 00000000 00:00 0 
7fc454000000-7fc454021000 rw-p 00000000 00:00 0 
7fc454021000-7fc458000000 ---p 00000000 00:00 0 
7fc4580ab000-7fc4580ae000 ---p 00000000 00:00 0 
7fc4580ae000-7fc4581ac000 rw-p 00000000 00:00 0 
7fc4581ac000-7fc4581ae000 r-xp 00000000 08:02 8131230                    /lib/x86_64-linux-gnu/libnss_mdns4_minimal.so.2
7fc4581ae000-7fc4583ad000 ---p 00002000 08:02 8131230                    /lib/x86_64-linux-gnu/libnss_mdns4_minimal.so.2
7fc4583ad000-7fc4583ae000 r--p 00001000 08:02 8131230                    /lib/x86_64-linux-gnu/libnss_mdns4_minimal.so.2
7fc4583ae000-7fc4583af000 rw-p 00002000 08:02 8131230                    /lib/x86_64-linux-gnu/libnss_mdns4_minimal.so.2
7fc4583af000-7fc45852f000 rw-p 00000000 00:00 0 
7fc45852f000-7fc4585af000 ---p 00000000 00:00 0 
7fc4585af000-7fc4585b2000 ---p 00000000 00:00 0 
7fc4585b2000-7fc4586b0000 rw-p 00000000 00:00 0 
7fc4586b0000-7fc4586b3000 ---p 00000000 00:00 0 
7fc4586b3000-7fc4589b1000 rw-p 00000000 00:00 0 
7fc4589b1000-7fc4589b4000 ---p 00000000 00:00 0 
7fc4589b4000-7fc458ab2000 rw-p 00000000 00:00 0 
7fc458ab2000-7fc458ab7000 r-xp 00000000 08:02 45882978                   /usr/lib/x86_64-linux-gnu/libXfixes.so.3.1.0
7fc458ab7000-7fc458cb6000 ---p 00005000 08:02 45882978                   /usr/lib/x86_64-linux-gnu/libXfixes.so.3.1.0
7fc458cb6000-7fc458cb7000 r--p 00004000 08:02 45882978                   /usr/lib/x86_64-linux-gnu/libXfixes.so.3.1.0
7fc458cb7000-7fc458cb8000 rw-p 00005000 08:02 45882978                   /usr/lib/x86_64-linux-gnu/libXfixes.so.3.1.0
7fc458cb8000-7fc458cc1000 r-xp 00000000 08:02 45882970                   /usr/lib/x86_64-linux-gnu/libXcursor.so.1.0.2
7fc458cc1000-7fc458ec0000 ---p 00009000 08:02 45882970                   /usr/lib/x86_64-linux-gnu/libXcursor.so.1.0.2
7fc458ec0000-7fc458ec1000 r--p 00008000 08:02 45882970                   /usr/lib/x86_64-linux-gnu/libXcursor.so.1.0.2
7fc458ec1000-7fc458ec2000 rw-p 00009000 08:02 45882970                   /usr/lib/x86_64-linux-gnu/libXcursor.so.1.0.2
7fc458ec2000-7fc458ec5000 ---p 00000000 00:00 0 
7fc458ec5000-7fc4591c3000 rw-p 00000000 00:00 0 
7fc4591c3000-7fc4591da000 r-xp 00000000 08:02 8126775                    /lib/x86_64-linux-gnu/libgcc_s.so.1
7fc4591da000-7fc4593d9000 ---p 00017000 08:02 8126775                    /lib/x86_64-linux-gnu/libgcc_s.so.1
7fc4593d9000-7fc4593da000 r--p 00016000 08:02 8126775                    /lib/x86_64-linux-gnu/libgcc_s.so.1
7fc4593da000-7fc4593db000 rw-p 00017000 08:02 8126775                    /lib/x86_64-linux-gnu/libgcc_s.so.1
7fc4593db000-7fc459438000 r-xp 00000000 08:02 50463490                   /usr/lib/jvm/java-8-oracle/jre/lib/amd64/libfontmanager.so
7fc459438000-7fc459638000 ---p 0005d000 08:02 50463490                   /usr/lib/jvm/java-8-oracle/jre/lib/amd64/libfontmanager.so
7fc459638000-7fc45963b000 r--p 0005d000 08:02 50463490                   /usr/lib/jvm/java-8-oracle/jre/lib/amd64/libfontmanager.so
7fc45963b000-7fc45963c000 rw-p 00060000 08:02 50463490                   /usr/lib/jvm/java-8-oracle/jre/lib/amd64/libfontmanager.so
7fc45963c000-7fc45964f000 r-xp 00000000 08:02 8131130                    /lib/x86_64-linux-gnu/libbsd.so.0.8.7
7fc45964f000-7fc45984e000 ---p 00013000 08:02 8131130                    /lib/x86_64-linux-gnu/libbsd.so.0.8.7
7fc45984e000-7fc45984f000 r--p 00012000 08:02 8131130                    /lib/x86_64-linux-gnu/libbsd.so.0.8.7
7fc45984f000-7fc459850000 rw-p 00013000 08:02 8131130                    /lib/x86_64-linux-gnu/libbsd.so.0.8.7
7fc459850000-7fc459851000 rw-p 00000000 00:00 0 
7fc459851000-7fc459856000 r-xp 00000000 08:02 45882974                   /usr/lib/x86_64-linux-gnu/libXdmcp.so.6.0.0
7fc459856000-7fc459a55000 ---p 00005000 08:02 45882974                   /usr/lib/x86_64-linux-gnu/libXdmcp.so.6.0.0
7fc459a55000-7fc459a56000 r--p 00004000 08:02 45882974                   /usr/lib/x86_64-linux-gnu/libXdmcp.so.6.0.0
7fc459a56000-7fc459a57000 rw-p 00005000 08:02 45882974                   /usr/lib/x86_64-linux-gnu/libXdmcp.so.6.0.0
7fc459a57000-7fc459a59000 r-xp 00000000 08:02 45882963                   /usr/lib/x86_64-linux-gnu/libXau.so.6.0.0
7fc459a59000-7fc459c59000 ---p 00002000 08:02 45882963                   /usr/lib/x86_64-linux-gnu/libXau.so.6.0.0
7fc459c59000-7fc459c5a000 r--p 00002000 08:02 45882963                   /usr/lib/x86_64-linux-gnu/libXau.so.6.0.0
7fc459c5a000-7fc459c5b000 rw-p 00003000 08:02 45882963                   /usr/lib/x86_64-linux-gnu/libXau.so.6.0.0
7fc459c5b000-7fc459c81000 r-xp 00000000 08:02 45877719                   /usr/lib/x86_64-linux-gnu/libxcb.so.1.1.0
7fc459c81000-7fc459e81000 ---p 00026000 08:02 45877719                   /usr/lib/x86_64-linux-gnu/libxcb.so.1.1.0
7fc459e81000-7fc459e82000 r--p 00026000 08:02 45877719                   /usr/lib/x86_64-linux-gnu/libxcb.so.1.1.0
7fc459e82000-7fc459e83000 rw-p 00027000 08:02 45877719                   /usr/lib/x86_64-linux-gnu/libxcb.so.1.1.0
7fc459e83000-7fc459e92000 r-xp 00000000 08:02 45882984                   /usr/lib/x86_64-linux-gnu/libXi.so.6.1.0
7fc459e92000-7fc45a091000 ---p 0000f000 08:02 45882984                   /usr/lib/x86_64-linux-gnu/libXi.so.6.1.0
7fc45a091000-7fc45a092000 r--p 0000e000 08:02 45882984                   /usr/lib/x86_64-linux-gnu/libXi.so.6.1.0
7fc45a092000-7fc45a093000 rw-p 0000f000 08:02 45882984                   /usr/lib/x86_64-linux-gnu/libXi.so.6.1.0
7fc45a093000-7fc45a098000 r-xp 00000000 08:02 45883002                   /usr/lib/x86_64-linux-gnu/libXtst.so.6.1.0
7fc45a098000-7fc45a297000 ---p 00005000 08:02 45883002                   /usr/lib/x86_64-linux-gnu/libXtst.so.6.1.0
7fc45a297000-7fc45a298000 r--p 00004000 08:02 45883002                   /usr/lib/x86_64-linux-gnu/libXtst.so.6.1.0
7fc45a298000-7fc45a299000 rw-p 00005000 08:02 45883002                   /usr/lib/x86_64-linux-gnu/libXtst.so.6.1.0
7fc45a299000-7fc45a2a2000 r-xp 00000000 08:02 45882996                   /usr/lib/x86_64-linux-gnu/libXrender.so.1.3.0
7fc45a2a2000-7fc45a4a1000 ---p 00009000 08:02 45882996                   /usr/lib/x86_64-linux-gnu/libXrender.so.1.3.0
7fc45a4a1000-7fc45a4a2000 r--p 00008000 08:02 45882996                   /usr/lib/x86_64-linux-gnu/libXrender.so.1.3.0
7fc45a4a2000-7fc45a4a3000 rw-p 00009000 08:02 45882996                   /usr/lib/x86_64-linux-gnu/libXrender.so.1.3.0
7fc45a4a3000-7fc45a5d6000 r-xp 00000000 08:02 45877788                   /usr/lib/x86_64-linux-gnu/libX11.so.6.3.0
7fc45a5d6000-7fc45a7d6000 ---p 00133000 08:02 45877788                   /usr/lib/x86_64-linux-gnu/libX11.so.6.3.0
7fc45a7d6000-7fc45a7d7000 r--p 00133000 08:02 45877788                   /usr/lib/x86_64-linux-gnu/libX11.so.6.3.0
7fc45a7d7000-7fc45a7db000 rw-p 00134000 08:02 45877788                   /usr/lib/x86_64-linux-gnu/libX11.so.6.3.0
7fc45a7db000-7fc45a7ec000 r-xp 00000000 08:02 45882976                   /usr/lib/x86_64-linux-gnu/libXext.so.6.4.0
7fc45a7ec000-7fc45a9eb000 ---p 00011000 08:02 45882976                   /usr/lib/x86_64-linux-gnu/libXext.so.6.4.0
7fc45a9eb000-7fc45a9ec000 r--p 00010000 08:02 45882976                   /usr/lib/x86_64-linux-gnu/libXext.so.6.4.0
7fc45a9ec000-7fc45a9ed000 rw-p 00011000 08:02 45882976                   /usr/lib/x86_64-linux-gnu/libXext.so.6.4.0
7fc45a9ed000-7fc45aa40000 r-xp 00000000 08:02 50463517                   /usr/lib/jvm/java-8-oracle/jre/lib/amd64/libawt_xawt.so
7fc45aa40000-7fc45ac3f000 ---p 00053000 08:02 50463517                   /usr/lib/jvm/java-8-oracle/jre/lib/amd64/libawt_xawt.so
7fc45ac3f000-7fc45ac40000 r--p 00052000 08:02 50463517                   /usr/lib/jvm/java-8-oracle/jre/lib/amd64/libawt_xawt.so
7fc45ac40000-7fc45ac43000 rw-p 00053000 08:02 50463517                   /usr/lib/jvm/java-8-oracle/jre/lib/amd64/libawt_xawt.so
7fc45ac43000-7fc45ac44000 rw-p 00000000 00:00 0 
7fc45ac44000-7fc45ace4000 r-xp 00000000 08:02 50463503                   /usr/lib/jvm/java-8-oracle/jre/lib/amd64/libawt.so
7fc45ace4000-7fc45aee3000 ---p 000a0000 08:02 50463503                   /usr/lib/jvm/java-8-oracle/jre/lib/amd64/libawt.so
7fc45aee3000-7fc45aee4000 r--p 0009f000 08:02 50463503                   /usr/lib/jvm/java-8-oracle/jre/lib/amd64/libawt.so
7fc45aee4000-7fc45aeef000 rw-p 000a0000 08:02 50463503                   /usr/lib/jvm/java-8-oracle/jre/lib/amd64/libawt.so
7fc45aeef000-7fc45af14000 rw-p 00000000 00:00 0 
7fc45af14000-7fc45af2a000 r-xp 00000000 08:02 50463510                   /usr/lib/jvm/java-8-oracle/jre/lib/amd64/libnet.so
7fc45af2a000-7fc45b12a000 ---p 00016000 08:02 50463510                   /usr/lib/jvm/java-8-oracle/jre/lib/amd64/libnet.so
7fc45b12a000-7fc45b12b000 r--p 00016000 08:02 50463510                   /usr/lib/jvm/java-8-oracle/jre/lib/amd64/libnet.so
7fc45b12b000-7fc45b12c000 rw-p 00017000 08:02 50463510                   /usr/lib/jvm/java-8-oracle/jre/lib/amd64/libnet.so
7fc45b12c000-7fc45b12f000 ---p 00000000 00:00 0 
7fc45b12f000-7fc45b22d000 rw-p 00000000 00:00 0 
7fc45b22d000-7fc45b22e000 ---p 00000000 00:00 0 
7fc45b22e000-7fc45b32e000 rw-p 00000000 00:00 0 
7fc45b32e000-7fc45b331000 ---p 00000000 00:00 0 
7fc45b331000-7fc45b42f000 rw-p 00000000 00:00 0 
7fc45b42f000-7fc45b430000 ---p 00000000 00:00 0 
7fc45b430000-7fc45b433000 ---p 00000000 00:00 0 
7fc45b433000-7fc45b530000 rw-p 00000000 00:00 0 
7fc45b530000-7fc45b531000 ---p 00000000 00:00 0 
7fc45b531000-7fc45b534000 ---p 00000000 00:00 0 
7fc45b534000-7fc45b631000 rw-p 00000000 00:00 0 
7fc45b631000-7fc45c000000 r--p 00000000 08:02 45881916                   /usr/lib/locale/locale-archive
7fc45c000000-7fc45c021000 rw-p 00000000 00:00 0 
7fc45c021000-7fc460000000 ---p 00000000 00:00 0 
7fc4600f8000-7fc4600f9000 ---p 00000000 00:00 0 
7fc4600f9000-7fc4600fc000 ---p 00000000 00:00 0 
7fc4600fc000-7fc4601f9000 rw-p 00000000 00:00 0 
7fc4601f9000-7fc4601fc000 ---p 00000000 00:00 0 
7fc4601fc000-7fc4602fa000 rw-p 00000000 00:00 0 
7fc4602fa000-7fc4602fd000 ---p 00000000 00:00 0 
7fc4602fd000-7fc4603fb000 rw-p 00000000 00:00 0 
7fc4603fb000-7fc4603fe000 ---p 00000000 00:00 0 
7fc4603fe000-7fc4604fc000 rw-p 00000000 00:00 0 
7fc4604fc000-7fc4604fd000 ---p 00000000 00:00 0 
7fc4604fd000-7fc46159d000 rw-p 00000000 00:00 0 
7fc46159d000-7fc461777000 r--s 03d6f000 08:02 46402409                   /usr/lib/jvm/java-8-oracle/jre/lib/rt.jar
7fc461777000-7fc464000000 rw-p 00000000 00:00 0 
7fc464000000-7fc464021000 rw-p 00000000 00:00 0 
7fc464021000-7fc468000000 ---p 00000000 00:00 0 
7fc468010000-7fc468011000 ---p 00000000 00:00 0 
7fc468011000-7fc468111000 rw-p 00000000 00:00 0 
7fc468111000-7fc468112000 ---p 00000000 00:00 0 
7fc468112000-7fc468212000 rw-p 00000000 00:00 0 
7fc468212000-7fc468213000 ---p 00000000 00:00 0 
7fc468213000-7fc468313000 rw-p 00000000 00:00 0 
7fc468313000-7fc468314000 ---p 00000000 00:00 0 
7fc468314000-7fc468429000 rw-p 00000000 00:00 0 
7fc468429000-7fc468556000 ---p 00000000 00:00 0 
7fc468556000-7fc468561000 rw-p 00000000 00:00 0 
7fc468561000-7fc4685f7000 ---p 00000000 00:00 0 
7fc4685f7000-7fc468605000 rw-p 00000000 00:00 0 
7fc468605000-7fc4689b8000 ---p 00000000 00:00 0 
7fc4689b8000-7fc468ce8000 rwxp 00000000 00:00 0 
7fc468ce8000-7fc4779b8000 ---p 00000000 00:00 0 
7fc4779b8000-7fc4779d3000 r-xp 00000000 08:02 50463506                   /usr/lib/jvm/java-8-oracle/jre/lib/amd64/libzip.so
7fc4779d3000-7fc477bd2000 ---p 0001b000 08:02 50463506                   /usr/lib/jvm/java-8-oracle/jre/lib/amd64/libzip.so
7fc477bd2000-7fc477bd3000 r--p 0001a000 08:02 50463506                   /usr/lib/jvm/java-8-oracle/jre/lib/amd64/libzip.so
7fc477bd3000-7fc477bd4000 rw-p 0001b000 08:02 50463506                   /usr/lib/jvm/java-8-oracle/jre/lib/amd64/libzip.so
7fc477bd4000-7fc477bdf000 r-xp 00000000 08:02 8131224                    /lib/x86_64-linux-gnu/libnss_files-2.27.so
7fc477bdf000-7fc477dde000 ---p 0000b000 08:02 8131224                    /lib/x86_64-linux-gnu/libnss_files-2.27.so
7fc477dde000-7fc477ddf000 r--p 0000a000 08:02 8131224                    /lib/x86_64-linux-gnu/libnss_files-2.27.so
7fc477ddf000-7fc477de0000 rw-p 0000b000 08:02 8131224                    /lib/x86_64-linux-gnu/libnss_files-2.27.so
7fc477de0000-7fc477de6000 rw-p 00000000 00:00 0 
7fc477de6000-7fc477dfd000 r-xp 00000000 08:02 8131218                    /lib/x86_64-linux-gnu/libnsl-2.27.so
7fc477dfd000-7fc477ffc000 ---p 00017000 08:02 8131218                    /lib/x86_64-linux-gnu/libnsl-2.27.so
7fc477ffc000-7fc477ffd000 r--p 00016000 08:02 8131218                    /lib/x86_64-linux-gnu/libnsl-2.27.so
7fc477ffd000-7fc477ffe000 rw-p 00017000 08:02 8131218                    /lib/x86_64-linux-gnu/libnsl-2.27.so
7fc477ffe000-7fc478000000 rw-p 00000000 00:00 0 
7fc478000000-7fc47851c000 rw-p 00000000 00:00 0 
7fc47851c000-7fc47c000000 ---p 00000000 00:00 0 
7fc47c001000-7fc47c006000 r--s 002f9000 08:02 46402407                   /usr/lib/jvm/java-8-oracle/jre/lib/charsets.jar
7fc47c006000-7fc47c00f000 r--s 000ed000 08:02 57541419                   /home/abhi/eclipse-workspace/ISD/src/mysql-connector-java-5.1.47/mysql-connector-java-5.1.47-bin.jar
7fc47c00f000-7fc47c045000 rw-p 00000000 00:00 0 
7fc47c045000-7fc47c172000 ---p 00000000 00:00 0 
7fc47c172000-7fc47c17d000 r-xp 00000000 08:02 8131235                    /lib/x86_64-linux-gnu/libnss_nis-2.27.so
7fc47c17d000-7fc47c37c000 ---p 0000b000 08:02 8131235                    /lib/x86_64-linux-gnu/libnss_nis-2.27.so
7fc47c37c000-7fc47c37d000 r--p 0000a000 08:02 8131235                    /lib/x86_64-linux-gnu/libnss_nis-2.27.so
7fc47c37d000-7fc47c37e000 rw-p 0000b000 08:02 8131235                    /lib/x86_64-linux-gnu/libnss_nis-2.27.so
7fc47c37e000-7fc47c386000 r-xp 00000000 08:02 8131220                    /lib/x86_64-linux-gnu/libnss_compat-2.27.so
7fc47c386000-7fc47c586000 ---p 00008000 08:02 8131220                    /lib/x86_64-linux-gnu/libnss_compat-2.27.so
7fc47c586000-7fc47c587000 r--p 00008000 08:02 8131220                    /lib/x86_64-linux-gnu/libnss_compat-2.27.so
7fc47c587000-7fc47c588000 rw-p 00009000 08:02 8131220                    /lib/x86_64-linux-gnu/libnss_compat-2.27.so
7fc47c588000-7fc47c5b4000 r-xp 00000000 08:02 50463500                   /usr/lib/jvm/java-8-oracle/jre/lib/amd64/libjava.so
7fc47c5b4000-7fc47c7b4000 ---p 0002c000 08:02 50463500                   /usr/lib/jvm/java-8-oracle/jre/lib/amd64/libjava.so
7fc47c7b4000-7fc47c7b5000 r--p 0002c000 08:02 50463500                   /usr/lib/jvm/java-8-oracle/jre/lib/amd64/libjava.so
7fc47c7b5000-7fc47c7b7000 rw-p 0002d000 08:02 50463500                   /usr/lib/jvm/java-8-oracle/jre/lib/amd64/libjava.so
7fc47c7b7000-7fc47c7c4000 r-xp 00000000 08:02 50463505                   /usr/lib/jvm/java-8-oracle/jre/lib/amd64/libverify.so
7fc47c7c4000-7fc47c9c3000 ---p 0000d000 08:02 50463505                   /usr/lib/jvm/java-8-oracle/jre/lib/amd64/libverify.so
7fc47c9c3000-7fc47c9c5000 r--p 0000c000 08:02 50463505                   /usr/lib/jvm/java-8-oracle/jre/lib/amd64/libverify.so
7fc47c9c5000-7fc47c9c6000 rw-p 0000e000 08:02 50463505                   /usr/lib/jvm/java-8-oracle/jre/lib/amd64/libverify.so
7fc47c9c6000-7fc47c9cd000 r-xp 00000000 08:02 8131275                    /lib/x86_64-linux-gnu/librt-2.27.so
7fc47c9cd000-7fc47cbcc000 ---p 00007000 08:02 8131275                    /lib/x86_64-linux-gnu/librt-2.27.so
7fc47cbcc000-7fc47cbcd000 r--p 00006000 08:02 8131275                    /lib/x86_64-linux-gnu/librt-2.27.so
7fc47cbcd000-7fc47cbce000 rw-p 00007000 08:02 8131275                    /lib/x86_64-linux-gnu/librt-2.27.so
7fc47cbce000-7fc47cd6b000 r-xp 00000000 08:02 8131197                    /lib/x86_64-linux-gnu/libm-2.27.so
7fc47cd6b000-7fc47cf6a000 ---p 0019d000 08:02 8131197                    /lib/x86_64-linux-gnu/libm-2.27.so
7fc47cf6a000-7fc47cf6b000 r--p 0019c000 08:02 8131197                    /lib/x86_64-linux-gnu/libm-2.27.so
7fc47cf6b000-7fc47cf6c000 rw-p 0019d000 08:02 8131197                    /lib/x86_64-linux-gnu/libm-2.27.so
7fc47cf6c000-7fc47dc54000 r-xp 00000000 08:02 50463482                   /usr/lib/jvm/java-8-oracle/jre/lib/amd64/server/libjvm.so
7fc47dc54000-7fc47de53000 ---p 00ce8000 08:02 50463482                   /usr/lib/jvm/java-8-oracle/jre/lib/amd64/server/libjvm.so
7fc47de53000-7fc47dee9000 r--p 00ce7000 08:02 50463482                   /usr/lib/jvm/java-8-oracle/jre/lib/amd64/server/libjvm.so
7fc47dee9000-7fc47df1a000 rw-p 00d7d000 08:02 50463482                   /usr/lib/jvm/java-8-oracle/jre/lib/amd64/server/libjvm.so
7fc47df1a000-7fc47df55000 rw-p 00000000 00:00 0 
7fc47df55000-7fc47e13c000 r-xp 00000000 08:02 8131134                    /lib/x86_64-linux-gnu/libc-2.27.so
7fc47e13c000-7fc47e33c000 ---p 001e7000 08:02 8131134                    /lib/x86_64-linux-gnu/libc-2.27.so
7fc47e33c000-7fc47e340000 r--p 001e7000 08:02 8131134                    /lib/x86_64-linux-gnu/libc-2.27.so
7fc47e340000-7fc47e342000 rw-p 001eb000 08:02 8131134                    /lib/x86_64-linux-gnu/libc-2.27.so
7fc47e342000-7fc47e346000 rw-p 00000000 00:00 0 
7fc47e346000-7fc47e349000 r-xp 00000000 08:02 8131157                    /lib/x86_64-linux-gnu/libdl-2.27.so
7fc47e349000-7fc47e548000 ---p 00003000 08:02 8131157                    /lib/x86_64-linux-gnu/libdl-2.27.so
7fc47e548000-7fc47e549000 r--p 00002000 08:02 8131157                    /lib/x86_64-linux-gnu/libdl-2.27.so
7fc47e549000-7fc47e54a000 rw-p 00003000 08:02 8131157                    /lib/x86_64-linux-gnu/libdl-2.27.so
7fc47e54a000-7fc47e561000 r-xp 00000000 08:02 46272052                   /usr/lib/jvm/java-8-oracle/lib/amd64/jli/libjli.so
7fc47e561000-7fc47e760000 ---p 00017000 08:02 46272052                   /usr/lib/jvm/java-8-oracle/lib/amd64/jli/libjli.so
7fc47e760000-7fc47e761000 r--p 00016000 08:02 46272052                   /usr/lib/jvm/java-8-oracle/lib/amd64/jli/libjli.so
7fc47e761000-7fc47e762000 rw-p 00017000 08:02 46272052                   /usr/lib/jvm/java-8-oracle/lib/amd64/jli/libjli.so
7fc47e762000-7fc47e77c000 r-xp 00000000 08:02 8131267                    /lib/x86_64-linux-gnu/libpthread-2.27.so
7fc47e77c000-7fc47e97b000 ---p 0001a000 08:02 8131267                    /lib/x86_64-linux-gnu/libpthread-2.27.so
7fc47e97b000-7fc47e97c000 r--p 00019000 08:02 8131267                    /lib/x86_64-linux-gnu/libpthread-2.27.so
7fc47e97c000-7fc47e97d000 rw-p 0001a000 08:02 8131267                    /lib/x86_64-linux-gnu/libpthread-2.27.so
7fc47e97d000-7fc47e981000 rw-p 00000000 00:00 0 
7fc47e981000-7fc47e9a8000 r-xp 00000000 08:02 8131106                    /lib/x86_64-linux-gnu/ld-2.27.so
7fc47e9ab000-7fc47e9b4000 r--s 000ed000 08:02 57541226                   /home/abhi/eclipse-workspace/ISD/src/mysql-connector-java-5.1.47.jar
7fc47e9b4000-7fc47ea8c000 rw-p 00000000 00:00 0 
7fc47ea8c000-7fc47ea8d000 ---p 00000000 00:00 0 
7fc47ea8d000-7fc47ea90000 ---p 00000000 00:00 0 
7fc47ea90000-7fc47eb91000 rw-p 00000000 00:00 0 
7fc47eb95000-7fc47eb9e000 r--s 000ed000 08:02 57541443                   /home/abhi/eclipse-workspace/ISD/src/mysql-connector-java-5.1.47/mysql-connector-java-5.1.47.jar
7fc47eb9e000-7fc47eba6000 rw-s 00000000 08:02 27788043                   /tmp/hsperfdata_abhi/10744
7fc47eba6000-7fc47eba7000 rw-p 00000000 00:00 0 
7fc47eba7000-7fc47eba8000 r--p 00000000 00:00 0 
7fc47eba8000-7fc47eba9000 r--p 00027000 08:02 8131106                    /lib/x86_64-linux-gnu/ld-2.27.so
7fc47eba9000-7fc47ebaa000 rw-p 00028000 08:02 8131106                    /lib/x86_64-linux-gnu/ld-2.27.so
7fc47ebaa000-7fc47ebab000 rw-p 00000000 00:00 0 
7ffee9b8f000-7ffee9bb0000 rw-p 00000000 00:00 0                          [stack]
7ffee9bb8000-7ffee9bbb000 r--p 00000000 00:00 0                          [vvar]
7ffee9bbb000-7ffee9bbd000 r-xp 00000000 00:00 0                          [vdso]
ffffffffff600000-ffffffffff601000 r-xp 00000000 00:00 0                  [vsyscall]

VM Arguments:
jvm_args: -Dfile.encoding=UTF-8 
java_command: Student
java_class_path (initial): /home/abhi/eclipse-workspace/ISD/bin:/home/abhi/eclipse-workspace/ISD/src/mysql-connector-java-5.1.47/mysql-connector-java-5.1.47.jar:/home/abhi/eclipse-workspace/ISD/src/mysql-connector-java-5.1.47.jar:/home/abhi/eclipse-workspace/ISD/src/mysql-connector-java-5.1.47/mysql-connector-java-5.1.47-bin.jar
Launcher Type: SUN_STANDARD

Environment Variables:
JAVA_HOME=/usr/lib/jvm/java-8-oracle
PATH=/usr/local/sbin:/usr/local/bin:/usr/sbin:/usr/bin:/sbin:/bin:/usr/games:/usr/local/games:/snap/bin:/usr/lib/jvm/java-8-oracle/bin:/usr/lib/jvm/java-8-oracle/db/bin:/usr/lib/jvm/java-8-oracle/jre/bin
USERNAME=abhi
SHELL=/bin/bash
DISPLAY=:0

Signal Handlers:
SIGSEGV: [libjvm.so+0xad3e60], sa_mask[0]=11111111011111111101111111111110, sa_flags=SA_RESTART|SA_SIGINFO
SIGBUS: [libjvm.so+0xad3e60], sa_mask[0]=11111111011111111101111111111110, sa_flags=SA_RESTART|SA_SIGINFO
SIGFPE: [libjvm.so+0x90b880], sa_mask[0]=11111111011111111101111111111110, sa_flags=SA_RESTART|SA_SIGINFO
SIGPIPE: [libjvm.so+0x90b880], sa_mask[0]=11111111011111111101111111111110, sa_flags=SA_RESTART|SA_SIGINFO
SIGXFSZ: [libjvm.so+0x90b880], sa_mask[0]=11111111011111111101111111111110, sa_flags=SA_RESTART|SA_SIGINFO
SIGILL: [libjvm.so+0x90b880], sa_mask[0]=11111111011111111101111111111110, sa_flags=SA_RESTART|SA_SIGINFO
SIGUSR1: SIG_DFL, sa_mask[0]=00000000000000000000000000000000, sa_flags=none
SIGUSR2: [libjvm.so+0x90b750], sa_mask[0]=00100000000000000000000000000000, sa_flags=SA_RESTART|SA_SIGINFO
SIGHUP: [libjvm.so+0x90bd70], sa_mask[0]=11111111011111111101111111111110, sa_flags=SA_RESTART|SA_SIGINFO
SIGINT: [libjvm.so+0x90bd70], sa_mask[0]=11111111011111111101111111111110, sa_flags=SA_RESTART|SA_SIGINFO
SIGTERM: [libjvm.so+0x90bd70], sa_mask[0]=11111111011111111101111111111110, sa_flags=SA_RESTART|SA_SIGINFO
SIGQUIT: [libjvm.so+0x90bd70], sa_mask[0]=11111111011111111101111111111110, sa_flags=SA_RESTART|SA_SIGINFO


---------------  S Y S T E M  ---------------

OS:DISTRIB_ID=Ubuntu
DISTRIB_RELEASE=18.04
DISTRIB_CODENAME=bionic
DISTRIB_DESCRIPTION="Ubuntu 18.04.2 LTS"

uname:Linux 4.15.0-54-generic #58-Ubuntu SMP Mon Jun 24 10:55:24 UTC 2019 x86_64
libc:glibc 2.27 NPTL 2.27 
rlimit: STACK 8192k, CORE 0k, NPROC 14521, NOFILE 4096, AS infinity
load average:22.13 7.05 2.96

/proc/meminfo:
MemTotal:        3950064 kB
MemFree:         1873272 kB
MemAvailable:    1984996 kB
Buffers:           17400 kB
Cached:           337324 kB
SwapCached:        19744 kB
Active:          1552956 kB
Inactive:         304388 kB
Active(anon):    1389504 kB
Inactive(anon):   169772 kB
Active(file):     163452 kB
Inactive(file):   134616 kB
Unevictable:           0 kB
Mlocked:               0 kB
SwapTotal:       2097148 kB
SwapFree:         760504 kB
Dirty:              1456 kB
Writeback:           380 kB
AnonPages:       1483140 kB
Mapped:           104584 kB
Shmem:             56652 kB
Slab:             100316 kB
SReclaimable:      40960 kB
SUnreclaim:        59356 kB
KernelStack:       14608 kB
PageTables:        36540 kB
NFS_Unstable:          0 kB
Bounce:                0 kB
WritebackTmp:          0 kB
CommitLimit:     4072180 kB
Committed_AS:    6649436 kB
VmallocTotal:   34359738367 kB
VmallocUsed:           0 kB
VmallocChunk:          0 kB
HardwareCorrupted:     0 kB
AnonHugePages:         0 kB
ShmemHugePages:        0 kB
ShmemPmdMapped:        0 kB
CmaTotal:              0 kB
CmaFree:               0 kB
HugePages_Total:       0
HugePages_Free:        0
HugePages_Rsvd:        0
HugePages_Surp:        0
Hugepagesize:       2048 kB
DirectMap4k:      252476 kB
DirectMap2M:     3852288 kB
DirectMap1G:     1048576 kB

container (cgroup) information:
container_type: cgroupv1
cpu_cpuset_cpus: 0-3
cpu_memory_nodes: 0
active_processor_count: 4
cpu_quota: -1
cpu_period: 100000
cpu_shares: -1
memory_limit_in_bytes: -1
memory_and_swap_limit_in_bytes: -2
memory_soft_limit_in_bytes: -1
memory_usage_in_bytes: 1883189248
memory_max_usage_in_bytes: 2088960


CPU:total 4 (initial active 4) (2 cores per cpu, 2 threads per core) family 6 model 61 stepping 4, cmov, cx8, fxsr, mmx, sse, sse2, sse3, ssse3, sse4.1, sse4.2, popcnt, avx, avx2, aes, clmul, erms, 3dnowpref, lzcnt, ht, tsc, tscinvbit, bmi1, bmi2, adx

/proc/cpuinfo:
processor	: 0
vendor_id	: GenuineIntel
cpu family	: 6
model		: 61
model name	: Intel(R) Core(TM) i3-5005U CPU @ 2.00GHz
stepping	: 4
microcode	: 0x2d
cpu MHz		: 1900.048
cache size	: 3072 KB
physical id	: 0
siblings	: 4
core id		: 0
cpu cores	: 2
apicid		: 0
initial apicid	: 0
fpu		: yes
fpu_exception	: yes
cpuid level	: 20
wp		: yes
flags		: fpu vme de pse tsc msr pae mce cx8 apic sep mtrr pge mca cmov pat pse36 clflush dts acpi mmx fxsr sse sse2 ss ht tm pbe syscall nx pdpe1gb rdtscp lm constant_tsc arch_perfmon pebs bts rep_good nopl xtopology nonstop_tsc cpuid aperfmperf pni pclmulqdq dtes64 monitor ds_cpl vmx est tm2 ssse3 sdbg fma cx16 xtpr pdcm pcid sse4_1 sse4_2 x2apic movbe popcnt tsc_deadline_timer aes xsave avx f16c rdrand lahf_lm abm 3dnowprefetch cpuid_fault epb invpcid_single pti ssbd ibrs ibpb stibp tpr_shadow vnmi flexpriority ept vpid fsgsbase tsc_adjust bmi1 avx2 smep bmi2 erms invpcid rdseed adx smap intel_pt xsaveopt dtherm arat pln pts md_clear flush_l1d
bugs		: cpu_meltdown spectre_v1 spectre_v2 spec_store_bypass l1tf mds
bogomips	: 4000.10
clflush size	: 64
cache_alignment	: 64
address sizes	: 39 bits physical, 48 bits virtual
power management:

processor	: 1
vendor_id	: GenuineIntel
cpu family	: 6
model		: 61
model name	: Intel(R) Core(TM) i3-5005U CPU @ 2.00GHz
stepping	: 4
microcode	: 0x2d
cpu MHz		: 1900.050
cache size	: 3072 KB
physical id	: 0
siblings	: 4
core id		: 1
cpu cores	: 2
apicid		: 2
initial apicid	: 2
fpu		: yes
fpu_exception	: yes
cpuid level	: 20
wp		: yes
flags		: fpu vme de pse tsc msr pae mce cx8 apic sep mtrr pge mca cmov pat pse36 clflush dts acpi mmx fxsr sse sse2 ss ht tm pbe syscall nx pdpe1gb rdtscp lm constant_tsc arch_perfmon pebs bts rep_good nopl xtopology nonstop_tsc cpuid aperfmperf pni pclmulqdq dtes64 monitor ds_cpl vmx est tm2 ssse3 sdbg fma cx16 xtpr pdcm pcid sse4_1 sse4_2 x2apic movbe popcnt tsc_deadline_timer aes xsave avx f16c rdrand lahf_lm abm 3dnowprefetch cpuid_fault epb invpcid_single pti ssbd ibrs ibpb stibp tpr_shadow vnmi flexpriority ept vpid fsgsbase tsc_adjust bmi1 avx2 smep bmi2 erms invpcid rdseed adx smap intel_pt xsaveopt dtherm arat pln pts md_clear flush_l1d
bugs		: cpu_meltdown spectre_v1 spectre_v2 spec_store_bypass l1tf mds
bogomips	: 4000.10
clflush size	: 64
cache_alignment	: 64
address sizes	: 39 bits physical, 48 bits virtual
power management:

processor	: 2
vendor_id	: GenuineIntel
cpu family	: 6
model		: 61
model name	: Intel(R) Core(TM) i3-5005U CPU @ 2.00GHz
stepping	: 4
microcode	: 0x2d
cpu MHz		: 1900.151
cache size	: 3072 KB
physical id	: 0
siblings	: 4
core id		: 0
cpu cores	: 2
apicid		: 1
initial apicid	: 1
fpu		: yes
fpu_exception	: yes
cpuid level	: 20
wp		: yes
flags		: fpu vme de pse tsc msr pae mce cx8 apic sep mtrr pge mca cmov pat pse36 clflush dts acpi mmx fxsr sse sse2 ss ht tm pbe syscall nx pdpe1gb rdtscp lm constant_tsc arch_perfmon pebs bts rep_good nopl xtopology nonstop_tsc cpuid aperfmperf pni pclmulqdq dtes64 monitor ds_cpl vmx est tm2 ssse3 sdbg fma cx16 xtpr pdcm pcid sse4_1 sse4_2 x2apic movbe popcnt tsc_deadline_timer aes xsave avx f16c rdrand lahf_lm abm 3dnowprefetch cpuid_fault epb invpcid_single pti ssbd ibrs ibpb stibp tpr_shadow vnmi flexpriority ept vpid fsgsbase tsc_adjust bmi1 avx2 smep bmi2 erms invpcid rdseed adx smap intel_pt xsaveopt dtherm arat pln pts md_clear flush_l1d
bugs		: cpu_meltdown spectre_v1 spectre_v2 spec_store_bypass l1tf mds
bogomips	: 4000.10
clflush size	: 64
cache_alignment	: 64
address sizes	: 39 bits physical, 48 bits virtual
power management:

processor	: 3
vendor_id	: GenuineIntel
cpu family	: 6
model		: 61
model name	: Intel(R) Core(TM) i3-5005U CPU @ 2.00GHz
stepping	: 4
microcode	: 0x2d
cpu MHz		: 1896.184
cache size	: 3072 KB
physical id	: 0
siblings	: 4
core id		: 1
cpu cores	: 2
apicid		: 3
initial apicid	: 3
fpu		: yes
fpu_exception	: yes
cpuid level	: 20
wp		: yes
flags		: fpu vme de pse tsc msr pae mce cx8 apic sep mtrr pge mca cmov pat pse36 clflush dts acpi mmx fxsr sse sse2 ss ht tm pbe syscall nx pdpe1gb rdtscp lm constant_tsc arch_perfmon pebs bts rep_good nopl xtopology nonstop_tsc cpuid aperfmperf pni pclmulqdq dtes64 monitor ds_cpl vmx est tm2 ssse3 sdbg fma cx16 xtpr pdcm pcid sse4_1 sse4_2 x2apic movbe popcnt tsc_deadline_timer aes xsave avx f16c rdrand lahf_lm abm 3dnowprefetch cpuid_fault epb invpcid_single pti ssbd ibrs ibpb stibp tpr_shadow vnmi flexpriority ept vpid fsgsbase tsc_adjust bmi1 avx2 smep bmi2 erms invpcid rdseed adx smap intel_pt xsaveopt dtherm arat pln pts md_clear flush_l1d
bugs		: cpu_meltdown spectre_v1 spectre_v2 spec_store_bypass l1tf mds
bogomips	: 4000.10
clflush size	: 64
cache_alignment	: 64
address sizes	: 39 bits physical, 48 bits virtual
power management:



Memory: 4k page, physical 3950064k(1873024k free), swap 2097148k(760504k free)

vm_info: Java HotSpot(TM) 64-Bit Server VM (25.201-b09) for linux-amd64 JRE (1.8.0_201-b09), built on Dec 15 2018 11:35:59 by "java_re" with gcc 7.3.0

time: Wed Jul  3 05:30:50 2019
timezone: IST
elapsed time: 7030 seconds (0d 1h 57m 10s)

